
> biomed-case-simulator@0.1.0 dev
> next dev --port 3001

▲ Next.js 16.2.6 (Turbopack)
- Local:         http://localhost:3001
- Network:       http://172.28.128.1:3001
✓ Ready in 440ms

 GET / 200 in 1970ms (next.js: 1793ms, application-code: 177ms)
 GET / 200 in 69ms (next.js: 7ms, application-code: 62ms)
 GET / 200 in 79ms (next.js: 9ms, application-code: 70ms)
 GET /cases 200 in 277ms (next.js: 252ms, application-code: 24ms)
 GET /cases/monitor-sin-spo2 200 in 824ms (next.js: 801ms, generate-params: 536ms, application-code: 24ms)
 GET / 200 in 157ms (next.js: 25ms, application-code: 132ms)
 GET / 200 in 52ms (next.js: 4ms, application-code: 48ms)
 GET /cases 200 in 80ms (next.js: 14ms, application-code: 66ms)
 GET /cases/monitor-sin-spo2 200 in 96ms (next.js: 19ms, generate-params: 11ms, application-code: 77ms)
✓ Compiled in 444ms
 GET / 200 in 565ms (next.js: 357ms, application-code: 208ms)
 GET / 200 in 63ms (next.js: 10ms, application-code: 53ms)
✓ Compiled in 212ms
 GET / 200 in 292ms (next.js: 165ms, application-code: 127ms)
 GET / 200 in 49ms (next.js: 6ms, application-code: 44ms)
✓ Compiled in 202ms
✓ Compiled in 69ms
 GET / 200 in 501ms (next.js: 214ms, application-code: 287ms)
✓ Compiled in 370ms
